#
# There is insufficient memory for the Java Runtime Environment to continue.
# Native memory allocation (malloc) failed to allocate 32744 bytes for ChunkPool::allocate
# Possible reasons:
#   The system is out of physical RAM or swap space
#   In 32 bit mode, the process size limit was hit
# Possible solutions:
#   Reduce memory load on the system
#   Increase physical memory or swap space
#   Check if swap backing store is full
#   Use 64 bit Java on a 64 bit OS
#   Decrease Java heap size (-Xmx/-Xms)
#   Decrease number of Java threads
#   Decrease Java thread stack sizes (-Xss)
#   Set larger code cache with -XX:ReservedCodeCacheSize=
# This output file may be truncated or incomplete.
#
#  Out of Memory Error (allocation.cpp:273), pid=5632, tid=0x000000000000222c
#
# JRE version: Java(TM) SE Runtime Environment (8.0_121-b13) (build 1.8.0_121-b13)
# Java VM: Java HotSpot(TM) 64-Bit Server VM (25.121-b13 mixed mode windows-amd64 compressed oops)
# Failed to write core dump. Minidumps are not enabled by default on client versions of Windows
#

---------------  T H R E A D  ---------------

Current thread (0x000000001b213000):  JavaThread "C2 CompilerThread2" daemon [_thread_in_native, id=8748, stack(0x000000001cb60000,0x000000001cc60000)]

Stack: [0x000000001cb60000,0x000000001cc60000]
[error occurred during error reporting (printing stack bounds), id 0xc0000005]

Native frames: (J=compiled Java code, j=interpreted, Vv=VM code, C=native code)


Current CompileTask:
C2:  43796 7982       4       org.gradle.internal.logging.text.AbstractLineChoppingStyledTextOutput$2::execute (73 bytes)


---------------  P R O C E S S  ---------------

Java Threads: ( => current thread )
  0x0000000024486000 JavaThread "Exec process Thread 3" [_thread_in_native, id=9172, stack(0x000000002a6b0000,0x000000002a7b0000)]
  0x0000000024485000 JavaThread "Exec process Thread 2" [_thread_in_native, id=4380, stack(0x000000002a520000,0x000000002a620000)]
  0x0000000024484800 JavaThread "Exec process" [_thread_in_native, id=9836, stack(0x0000000028f10000,0x0000000029010000)]
  0x000000002447f000 JavaThread "Cache worker for Build Output Cleanup Cache (D:\Downloads\Coding\Repositories\Terra_Reforged\.gradle\buildOutputCleanup)" [_thread_blocked, id=8944, stack(0x00000000293d0000,0x00000000294d0000)]
  0x00000000216dc000 JavaThread "Cache worker for task history cache (D:\Downloads\Coding\Repositories\Terra_Reforged\.gradle\4.9\taskHistory)" [_thread_blocked, id=4036, stack(0x0000000029190000,0x0000000029290000)]
  0x00000000216db000 JavaThread "Task worker for ':' Thread 7" [_thread_blocked, id=7636, stack(0x0000000029010000,0x0000000029110000)]
  0x00000000216da800 JavaThread "Task worker for ':' Thread 6" [_thread_blocked, id=9704, stack(0x0000000028e10000,0x0000000028f10000)]
  0x00000000216d9800 JavaThread "Task worker for ':' Thread 5" [_thread_blocked, id=3328, stack(0x0000000028d10000,0x0000000028e10000)]
  0x00000000216d9000 JavaThread "Task worker for ':' Thread 4" [_thread_blocked, id=9192, stack(0x00000000288b0000,0x00000000289b0000)]
  0x00000000216d8000 JavaThread "Task worker for ':' Thread 3" [_thread_blocked, id=6408, stack(0x0000000028b50000,0x0000000028c50000)]
  0x00000000216d7800 JavaThread "Task worker for ':' Thread 2" [_thread_blocked, id=6976, stack(0x00000000289b0000,0x0000000028ab0000)]
  0x00000000216d6800 JavaThread "Task worker for ':'" [_thread_blocked, id=7412, stack(0x0000000026ae0000,0x0000000026be0000)]
  0x000000001e3c7000 JavaThread "Cache worker for file content cache (D:\Downloads\Coding\Repositories\Terra_Reforged\.gradle\4.9\fileContent)" [_thread_blocked, id=9036, stack(0x00000000260b0000,0x00000000261b0000)]
  0x000000001e3c6000 JavaThread "Cache worker for file content cache (C:\Users\Anbaric\.gradle\caches\4.9\fileContent)" [_thread_blocked, id=2940, stack(0x0000000028170000,0x0000000028270000)]
  0x000000001e3c5800 JavaThread "Memory manager" [_thread_blocked, id=3412, stack(0x0000000028060000,0x0000000028160000)]
  0x000000001e3c4800 JavaThread "Build operations Thread 8" [_thread_blocked, id=7364, stack(0x0000000026f10000,0x0000000027010000)]
  0x000000001e3c4000 JavaThread "Build operations Thread 7" [_thread_blocked, id=3064, stack(0x0000000026e00000,0x0000000026f00000)]
  0x000000001e3c3000 JavaThread "Build operations Thread 6" [_thread_blocked, id=2816, stack(0x0000000026400000,0x0000000026500000)]
  0x000000001e3c2800 JavaThread "Build operations Thread 5" [_thread_blocked, id=10012, stack(0x00000000247d0000,0x00000000248d0000)]
  0x000000001e3c1800 JavaThread "Build operations Thread 4" [_thread_blocked, id=9672, stack(0x0000000026c00000,0x0000000026d00000)]
  0x000000001e3c1000 JavaThread "Build operations Thread 3" [_thread_blocked, id=7648, stack(0x00000000261f0000,0x00000000262f0000)]
  0x000000001e3c0000 JavaThread "Build operations Thread 2" [_thread_blocked, id=9500, stack(0x0000000026510000,0x0000000026610000)]
  0x000000001e3bf800 JavaThread "Build operations" [_thread_blocked, id=9488, stack(0x00000000262f0000,0x00000000263f0000)]
  0x000000001e3be800 JavaThread "Cache worker for Artifact transforms cache (C:\Users\Anbaric\.gradle\caches\transforms-1)" [_thread_blocked, id=1576, stack(0x0000000024a00000,0x0000000024b00000)]
  0x000000001e3be000 JavaThread "Cache worker for cache directory md-rule (C:\Users\Anbaric\.gradle\caches\4.9\md-rule)" [_thread_blocked, id=2568, stack(0x0000000024b70000,0x0000000024c70000)]
  0x000000001e3bd000 JavaThread "Cache worker for cache directory md-supplier (C:\Users\Anbaric\.gradle\caches\4.9\md-supplier)" [_thread_blocked, id=9792, stack(0x00000000248e0000,0x00000000249e0000)]
  0x000000001e3bb000 JavaThread "Cache worker for file hash cache (D:\Downloads\Coding\Repositories\Terra_Reforged\.gradle\4.9\fileHashes)" [_thread_blocked, id=7072, stack(0x000000001f1a0000,0x000000001f2a0000)]
  0x000000001e3ba000 JavaThread "File lock request listener" [_thread_in_native, id=9220, stack(0x0000000020f00000,0x0000000021000000)]
  0x000000001e3b9800 JavaThread "Cache worker for file hash cache (C:\Users\Anbaric\.gradle\caches\4.9\fileHashes)" [_thread_blocked, id=7360, stack(0x0000000020b30000,0x0000000020c30000)]
  0x000000001e488000 JavaThread "Stdin handler" [_thread_blocked, id=8492, stack(0x000000001fa00000,0x000000001fb00000)]
  0x000000001e4b5800 JavaThread "Asynchronous log dispatcher for DefaultDaemonConnection: socket connection from /127.0.0.1:56170 to /127.0.0.1:56171" [_thread_blocked, id=3568, stack(0x000000001f3c0000,0x000000001f4c0000)]
  0x000000001e555000 JavaThread "Daemon worker" [_thread_blocked, id=3708, stack(0x000000001f6a0000,0x000000001f7a0000)]
  0x000000001e477000 JavaThread "Cancel handler" [_thread_blocked, id=9560, stack(0x000000001f4f0000,0x000000001f5f0000)]
  0x000000001e45a000 JavaThread "Handler for socket connection from /127.0.0.1:56170 to /127.0.0.1:56171" [_thread_in_native, id=9964, stack(0x000000001f2c0000,0x000000001f3c0000)]
  0x000000001e459800 JavaThread "Daemon" [_thread_blocked, id=8476, stack(0x000000001f020000,0x000000001f120000)]
  0x000000001e43f000 JavaThread "Daemon periodic checks" [_thread_blocked, id=7904, stack(0x000000001ef00000,0x000000001f000000)]
  0x000000001e3a8000 JavaThread "Incoming local TCP Connector on port 56170" [_thread_in_native, id=9376, stack(0x000000001cc70000,0x000000001cd70000)]
  0x000000001e502800 JavaThread "Daemon health stats" [_thread_blocked, id=3572, stack(0x000000001ebc0000,0x000000001ecc0000)]
  0x000000001b2a1800 JavaThread "Service Thread" daemon [_thread_blocked, id=7896, stack(0x000000001d020000,0x000000001d120000)]
  0x000000001b22c800 JavaThread "C1 CompilerThread3" daemon [_thread_blocked, id=8828, stack(0x000000001cd70000,0x000000001ce70000)]
=>0x000000001b213000 JavaThread "C2 CompilerThread2" daemon [_thread_in_native, id=8748, stack(0x000000001cb60000,0x000000001cc60000)]
  0x000000001b20c000 JavaThread "C2 CompilerThread1" daemon [_thread_in_native, id=10176, stack(0x000000001ca10000,0x000000001cb10000)]
  0x000000001b204800 JavaThread "C2 CompilerThread0" daemon [_thread_in_native, id=9636, stack(0x000000001c420000,0x000000001c520000)]
  0x000000001b1fd000 JavaThread "Attach Listener" daemon [_thread_blocked, id=8692, stack(0x000000001c880000,0x000000001c980000)]
  0x000000001b1fb800 JavaThread "Signal Dispatcher" daemon [_thread_blocked, id=2972, stack(0x000000001c6d0000,0x000000001c7d0000)]
  0x000000001a03e000 JavaThread "Finalizer" daemon [_thread_blocked, id=9812, stack(0x000000001c570000,0x000000001c670000)]
  0x000000001a036800 JavaThread "Reference Handler" daemon [_thread_blocked, id=6596, stack(0x000000001c180000,0x000000001c280000)]
  0x000000000220f000 JavaThread "main" [_thread_blocked, id=8344, stack(0x0000000002240000,0x0000000002340000)]

Other Threads:
  0x000000001b1b0800 VMThread [stack: 0x000000001c290000,0x000000001c390000] [id=3844]
  0x000000001b27f000 WatcherThread [stack: 0x000000001cf20000,0x000000001d020000] [id=8184]

VM state:not at safepoint (normal execution)

VM Mutex/Monitor currently owned by a thread: None

Heap:
 PSYoungGen      total 306688K, used 301404K [0x0000000780000000, 0x000000079b900000, 0x00000007c0000000)
  eden space 292864K, 98% used [0x0000000780000000,0x00000007918dddb0,0x0000000791e00000)
  from space 13824K, 99% used [0x0000000791e00000,0x0000000792b79430,0x0000000792b80000)
  to   space 15360K, 0% used [0x000000079aa00000,0x000000079aa00000,0x000000079b900000)
 ParOldGen       total 122880K, used 59813K [0x0000000700000000, 0x0000000707800000, 0x0000000780000000)
  object space 122880K, 48% used [0x0000000700000000,0x0000000703a696d0,0x0000000707800000)
 Metaspace       used 52318K, capacity 53370K, committed 53632K, reserved 1095680K
  class space    used 7211K, capacity 7507K, committed 7552K, reserved 1048576K

Card table byte_map: [0x0000000011ad0000,0x00000000120e0000] byte_map_base: 0x000000000e2d0000

Marking Bits: (ParMarkBitMap*) 0x000000007043b6d0
 Begin Bits: [0x0000000013050000, 0x0000000016050000)
 End Bits:   [0x0000000016050000, 0x0000000019050000)

Polling page: 0x0000000000440000

CodeCache: size=245760Kb used=25147Kb max_used=25719Kb free=220612Kb
 bounds [0x0000000002710000, 0x0000000004050000, 0x0000000011710000]
 total_blobs=7942 nmethods=7166 adapters=687
 compilation: enabled

Compilation events (10 events):
Event: 30.991 Thread 0x000000001b22c800 nmethod 7976 0x000000000348c6d0 code [0x000000000348c820, 0x000000000348c970]
Event: 35.602 Thread 0x000000001b22c800 7978       3       org.gradle.internal.logging.text.AbstractLineChoppingStyledTextOutput::doAppend (43 bytes)
Event: 35.602 Thread 0x000000001b213000 7979       4       org.gradle.internal.logging.text.AbstractLineChoppingStyledTextOutput$StateContext::hasChar (22 bytes)
Event: 35.602 Thread 0x000000001b22c800 nmethod 7978 0x000000000354c9d0 code [0x000000000354cb80, 0x000000000354d008]
Event: 35.602 Thread 0x000000001b22c800 7977       3       org.gradle.internal.logging.text.AbstractLineChoppingStyledTextOutput$1::execute (9 bytes)
Event: 35.602 Thread 0x000000001b22c800 nmethod 7977 0x000000000280fb90 code [0x000000000280fd00, 0x000000000280ffe8]
Event: 35.602 Thread 0x000000001b213000 nmethod 7979 0x0000000003288d90 code [0x0000000003288ec0, 0x0000000003288f38]
Event: 43.777 Thread 0x000000001b20c000 7980       4       org.gradle.internal.logging.text.AbstractLineChoppingStyledTextOutput$1::execute (9 bytes)
Event: 43.778 Thread 0x000000001b204800 7981       4       org.gradle.internal.logging.text.AbstractLineChoppingStyledTextOutput$1::execute (130 bytes)
Event: 43.778 Thread 0x000000001b213000 7982       4       org.gradle.internal.logging.text.AbstractLineChoppingStyledTextOutput$2::execute (73 bytes)

GC Heap History (10 events):
Event: 3.542 GC heap before
{Heap before GC invocations=7 (full 1):
 PSYoungGen      total 137728K, used 23192K [0x0000000780000000, 0x000000078bb80000, 0x00000007c0000000)
  eden space 126976K, 9% used [0x0000000780000000,0x0000000780c286c8,0x0000000787c00000)
  from space 10752K, 99% used [0x0000000787c00000,0x000000078867dc30,0x0000000788680000)
  to   space 13824K, 0% used [0x000000078ae00000,0x000000078ae00000,0x000000078bb80000)
 ParOldGen       total 101376K, used 10664K [0x0000000700000000, 0x0000000706300000, 0x0000000780000000)
  object space 101376K, 10% used [0x0000000700000000,0x0000000700a6a188,0x0000000706300000)
 Metaspace       used 34748K, capacity 35270K, committed 35456K, reserved 1079296K
  class space    used 5036K, capacity 5179K, committed 5248K, reserved 1048576K
Event: 3.637 GC heap after
Heap after GC invocations=7 (full 1):
 PSYoungGen      total 178688K, used 7737K [0x0000000780000000, 0x0000000790300000, 0x00000007c0000000)
  eden space 164864K, 0% used [0x0000000780000000,0x0000000780000000,0x000000078a100000)
  from space 13824K, 55% used [0x000000078ae00000,0x000000078b58e5a8,0x000000078bb80000)
  to   space 13312K, 0% used [0x000000078a100000,0x000000078a100000,0x000000078ae00000)
 ParOldGen       total 101376K, used 10664K [0x0000000700000000, 0x0000000706300000, 0x0000000780000000)
  object space 101376K, 10% used [0x0000000700000000,0x0000000700a6a188,0x0000000706300000)
 Metaspace       used 34748K, capacity 35270K, committed 35456K, reserved 1079296K
  class space    used 5036K, capacity 5179K, committed 5248K, reserved 1048576K
}
Event: 3.638 GC heap before
{Heap before GC invocations=8 (full 2):
 PSYoungGen      total 178688K, used 7737K [0x0000000780000000, 0x0000000790300000, 0x00000007c0000000)
  eden space 164864K, 0% used [0x0000000780000000,0x0000000780000000,0x000000078a100000)
  from space 13824K, 55% used [0x000000078ae00000,0x000000078b58e5a8,0x000000078bb80000)
  to   space 13312K, 0% used [0x000000078a100000,0x000000078a100000,0x000000078ae00000)
 ParOldGen       total 101376K, used 10664K [0x0000000700000000, 0x0000000706300000, 0x0000000780000000)
  object space 101376K, 10% used [0x0000000700000000,0x0000000700a6a188,0x0000000706300000)
 Metaspace       used 34748K, capacity 35270K, committed 35456K, reserved 1079296K
  class space    used 5036K, capacity 5179K, committed 5248K, reserved 1048576K
Event: 3.695 GC heap after
Heap after GC invocations=8 (full 2):
 PSYoungGen      total 178688K, used 0K [0x0000000780000000, 0x0000000790300000, 0x00000007c0000000)
  eden space 164864K, 0% used [0x0000000780000000,0x0000000780000000,0x000000078a100000)
  from space 13824K, 0% used [0x000000078ae00000,0x000000078ae00000,0x000000078bb80000)
  to   space 13312K, 0% used [0x000000078a100000,0x000000078a100000,0x000000078ae00000)
 ParOldGen       total 122880K, used 14223K [0x0000000700000000, 0x0000000707800000, 0x0000000780000000)
  object space 122880K, 11% used [0x0000000700000000,0x0000000700de3d68,0x0000000707800000)
 Metaspace       used 34748K, capacity 35270K, committed 35456K, reserved 1079296K
  class space    used 5036K, capacity 5179K, committed 5248K, reserved 1048576K
}
Event: 4.638 GC heap before
{Heap before GC invocations=9 (full 2):
 PSYoungGen      total 178688K, used 160965K [0x0000000780000000, 0x0000000790300000, 0x00000007c0000000)
  eden space 164864K, 97% used [0x0000000780000000,0x0000000789d316d0,0x000000078a100000)
  from space 13824K, 0% used [0x000000078ae00000,0x000000078ae00000,0x000000078bb80000)
  to   space 13312K, 0% used [0x000000078a100000,0x000000078a100000,0x000000078ae00000)
 ParOldGen       total 122880K, used 14223K [0x0000000700000000, 0x0000000707800000, 0x0000000780000000)
  object space 122880K, 11% used [0x0000000700000000,0x0000000700de3d68,0x0000000707800000)
 Metaspace       used 39147K, capacity 39956K, committed 40064K, reserved 1083392K
  class space    used 5642K, capacity 5911K, committed 6016K, reserved 1048576K
Event: 4.655 GC heap after
Heap after GC invocations=9 (full 2):
 PSYoungGen      total 178176K, used 11813K [0x0000000780000000, 0x0000000793e00000, 0x00000007c0000000)
  eden space 164864K, 0% used [0x0000000780000000,0x0000000780000000,0x000000078a100000)
  from space 13312K, 88% used [0x000000078a100000,0x000000078ac89518,0x000000078ae00000)
  to   space 14336K, 0% used [0x0000000793000000,0x0000000793000000,0x0000000793e00000)
 ParOldGen       total 122880K, used 59351K [0x0000000700000000, 0x0000000707800000, 0x0000000780000000)
  object space 122880K, 48% used [0x0000000700000000,0x00000007039f5db8,0x0000000707800000)
 Metaspace       used 39147K, capacity 39956K, committed 40064K, reserved 1083392K
  class space    used 5642K, capacity 5911K, committed 6016K, reserved 1048576K
}
Event: 5.206 GC heap before
{Heap before GC invocations=10 (full 2):
 PSYoungGen      total 178176K, used 176637K [0x0000000780000000, 0x0000000793e00000, 0x00000007c0000000)
  eden space 164864K, 99% used [0x0000000780000000,0x000000078a0f61f0,0x000000078a100000)
  from space 13312K, 88% used [0x000000078a100000,0x000000078ac89518,0x000000078ae00000)
  to   space 14336K, 0% used [0x0000000793000000,0x0000000793000000,0x0000000793e00000)
 ParOldGen       total 122880K, used 59351K [0x0000000700000000, 0x0000000707800000, 0x0000000780000000)
  object space 122880K, 48% used [0x0000000700000000,0x00000007039f5db8,0x0000000707800000)
 Metaspace       used 39352K, capacity 40164K, committed 40320K, reserved 1083392K
  class space    used 5651K, capacity 5911K, committed 6016K, reserved 1048576K
Event: 5.231 GC heap after
Heap after GC invocations=10 (full 2):
 PSYoungGen      total 302080K, used 8864K [0x0000000780000000, 0x0000000793900000, 0x00000007c0000000)
  eden space 292864K, 0% used [0x0000000780000000,0x0000000780000000,0x0000000791e00000)
  from space 9216K, 96% used [0x0000000793000000,0x00000007938a80a0,0x0000000793900000)
  to   space 13824K, 0% used [0x0000000791e00000,0x0000000791e00000,0x0000000792b80000)
 ParOldGen       total 122880K, used 59359K [0x0000000700000000, 0x0000000707800000, 0x0000000780000000)
  object space 122880K, 48% used [0x0000000700000000,0x00000007039f7db8,0x0000000707800000)
 Metaspace       used 39352K, capacity 40164K, committed 40320K, reserved 1083392K
  class space    used 5651K, capacity 5911K, committed 6016K, reserved 1048576K
}
Event: 7.720 GC heap before
{Heap before GC invocations=11 (full 2):
 PSYoungGen      total 302080K, used 301573K [0x0000000780000000, 0x0000000793900000, 0x00000007c0000000)
  eden space 292864K, 99% used [0x0000000780000000,0x0000000791dd9518,0x0000000791e00000)
  from space 9216K, 96% used [0x0000000793000000,0x00000007938a80a0,0x0000000793900000)
  to   space 13824K, 0% used [0x0000000791e00000,0x0000000791e00000,0x0000000792b80000)
 ParOldGen       total 122880K, used 59359K [0x0000000700000000, 0x0000000707800000, 0x0000000780000000)
  object space 122880K, 48% used [0x0000000700000000,0x00000007039f7db8,0x0000000707800000)
 Metaspace       used 45135K, capacity 46168K, committed 46464K, reserved 1089536K
  class space    used 6422K, capacity 6697K, committed 6784K, reserved 1048576K
Event: 7.734 GC heap after
Heap after GC invocations=11 (full 2):
 PSYoungGen      total 306688K, used 13797K [0x0000000780000000, 0x000000079b900000, 0x00000007c0000000)
  eden space 292864K, 0% used [0x0000000780000000,0x0000000780000000,0x0000000791e00000)
  from space 13824K, 99% used [0x0000000791e00000,0x0000000792b79430,0x0000000792b80000)
  to   space 15360K, 0% used [0x000000079aa00000,0x000000079aa00000,0x000000079b900000)
 ParOldGen       total 122880K, used 59813K [0x0000000700000000, 0x0000000707800000, 0x0000000780000000)
  object space 122880K, 48% used [0x0000000700000000,0x0000000703a696d0,0x0000000707800000)
 Metaspace       used 45135K, capacity 46168K, committed 46464K, reserved 1089536K
  class space    used 6422K, capacity 6697K, committed 6784K, reserved 1048576K
}

Deoptimization events (10 events):
Event: 10.993 Thread 0x000000001e43f000 Uncommon trap: reason=class_check action=maybe_recompile pc=0x0000000003f08440 method=org.gradle.internal.serialize.AbstractDecoder.readBytes([B)V @ 5
Event: 10.993 Thread 0x000000001e43f000 Uncommon trap: reason=class_check action=maybe_recompile pc=0x0000000003f08440 method=org.gradle.internal.serialize.AbstractDecoder.readBytes([B)V @ 5
Event: 10.993 Thread 0x000000001e43f000 Uncommon trap: reason=class_check action=maybe_recompile pc=0x0000000003f08440 method=org.gradle.internal.serialize.AbstractDecoder.readBytes([B)V @ 5
Event: 10.994 Thread 0x000000001e43f000 Uncommon trap: reason=class_check action=maybe_recompile pc=0x0000000003f08440 method=org.gradle.internal.serialize.AbstractDecoder.readBytes([B)V @ 5
Event: 13.727 Thread 0x000000001e3c5800 Uncommon trap: reason=class_check action=maybe_recompile pc=0x0000000002b11700 method=org.gradle.internal.event.AbstractBroadcastDispatch.dispatch(Lorg/gradle/internal/dispatch/MethodInvocation;Ljava/util/Iterator;)V @ 17
Event: 18.725 Thread 0x000000001e3c5800 Uncommon trap: reason=class_check action=maybe_recompile pc=0x0000000002b11700 method=org.gradle.internal.event.AbstractBroadcastDispatch.dispatch(Lorg/gradle/internal/dispatch/MethodInvocation;Ljava/util/Iterator;)V @ 17
Event: 23.725 Thread 0x000000001e3c5800 Uncommon trap: reason=class_check action=maybe_recompile pc=0x0000000002b11700 method=org.gradle.internal.event.AbstractBroadcastDispatch.dispatch(Lorg/gradle/internal/dispatch/MethodInvocation;Ljava/util/Iterator;)V @ 17
Event: 28.760 Thread 0x000000001e3c5800 Uncommon trap: reason=class_check action=maybe_recompile pc=0x0000000002b11700 method=org.gradle.internal.event.AbstractBroadcastDispatch.dispatch(Lorg/gradle/internal/dispatch/MethodInvocation;Ljava/util/Iterator;)V @ 17
Event: 35.601 Thread 0x0000000024486000 Uncommon trap: reason=unstable_if action=reinterpret pc=0x0000000002b3c384 method=org.gradle.internal.logging.text.AbstractLineChoppingStyledTextOutput$2.execute(Lorg/gradle/internal/logging/text/AbstractLineChoppingStyledTextOutput$StateContext;)V @ 30
Event: 35.602 Thread 0x0000000024486000 Uncommon trap: reason=unstable_if action=reinterpret pc=0x0000000002accb58 method=org.gradle.internal.logging.text.AbstractLineChoppingStyledTextOutput$2.execute(Lorg/gradle/internal/logging/text/AbstractLineChoppingStyledTextOutput$StateContext;)V @ 30

Internal exceptions (10 events):
Event: 8.584 Thread 0x00000000216db000 Exception <a 'java/io/FileNotFoundException'> (0x00000007860729e8) thrown at [C:\re\workspace\8-2-build-windows-amd64-cygwin\jdk8u121\8372\hotspot\src\share\vm\prims\jni.cpp, line 709]
Event: 8.584 Thread 0x00000000216db000 Exception <a 'java/io/FileNotFoundException'> (0x0000000786074400) thrown at [C:\re\workspace\8-2-build-windows-amd64-cygwin\jdk8u121\8372\hotspot\src\share\vm\prims\jni.cpp, line 709]
Event: 8.584 Thread 0x00000000216db000 Exception <a 'java/io/FileNotFoundException'> (0x0000000786075e98) thrown at [C:\re\workspace\8-2-build-windows-amd64-cygwin\jdk8u121\8372\hotspot\src\share\vm\prims\jni.cpp, line 709]
Event: 8.584 Thread 0x00000000216db000 Exception <a 'java/io/FileNotFoundException'> (0x0000000786077a50) thrown at [C:\re\workspace\8-2-build-windows-amd64-cygwin\jdk8u121\8372\hotspot\src\share\vm\prims\jni.cpp, line 709]
Event: 8.584 Thread 0x00000000216db000 Exception <a 'java/io/FileNotFoundException'> (0x0000000786079670) thrown at [C:\re\workspace\8-2-build-windows-amd64-cygwin\jdk8u121\8372\hotspot\src\share\vm\prims\jni.cpp, line 709]
Event: 8.584 Thread 0x00000000216db000 Exception <a 'java/io/FileNotFoundException'> (0x000000078607b2a8) thrown at [C:\re\workspace\8-2-build-windows-amd64-cygwin\jdk8u121\8372\hotspot\src\share\vm\prims\jni.cpp, line 709]
Event: 8.584 Thread 0x00000000216db000 Exception <a 'java/io/FileNotFoundException'> (0x000000078607ce10) thrown at [C:\re\workspace\8-2-build-windows-amd64-cygwin\jdk8u121\8372\hotspot\src\share\vm\prims\jni.cpp, line 709]
Event: 9.490 Thread 0x00000000216db000 Exception <a 'java/lang/NoSuchMethodError': <clinit>> (0x000000078b83a1a8) thrown at [C:\re\workspace\8-2-build-windows-amd64-cygwin\jdk8u121\8372\hotspot\src\share\vm\prims\jni.cpp, line 1613]
Event: 9.491 Thread 0x00000000216db000 Exception <a 'java/lang/NoSuchMethodError': <clinit>> (0x000000078b84cf88) thrown at [C:\re\workspace\8-2-build-windows-amd64-cygwin\jdk8u121\8372\hotspot\src\share\vm\prims\jni.cpp, line 1613]
Event: 9.491 Thread 0x00000000216db000 Exception <a 'java/lang/NoSuchMethodError': <clinit>> (0x000000078b84e838) thrown at [C:\re\workspace\8-2-build-windows-amd64-cygwin\jdk8u121\8372\hotspot\src\share\vm\prims\jni.cpp, line 1613]

Events (10 events):
Event: 23.725 Thread 0x000000001e3c5800 DEOPT UNPACKING pc=0x000000000275582a sp=0x000000002815ea90 mode 2
Event: 28.760 Thread 0x000000001e3c5800 Uncommon trap: trap_request=0xffffffde fr.pc=0x0000000002b11700
Event: 28.760 Thread 0x000000001e3c5800 DEOPT PACKING pc=0x0000000002b11700 sp=0x000000002815ead0
Event: 28.760 Thread 0x000000001e3c5800 DEOPT UNPACKING pc=0x000000000275582a sp=0x000000002815ea90 mode 2
Event: 35.601 Thread 0x0000000024486000 Uncommon trap: trap_request=0xffffff65 fr.pc=0x0000000002b3c384
Event: 35.601 Thread 0x0000000024486000 DEOPT PACKING pc=0x0000000002b3c384 sp=0x000000002a7aec10
Event: 35.601 Thread 0x0000000024486000 DEOPT UNPACKING pc=0x000000000275582a sp=0x000000002a7aea70 mode 2
Event: 35.602 Thread 0x0000000024486000 Uncommon trap: trap_request=0xffffff65 fr.pc=0x0000000002accb58
Event: 35.602 Thread 0x0000000024486000 DEOPT PACKING pc=0x0000000002accb58 sp=0x000000002a7aebc0
Event: 35.602 Thread 0x0000000024486000 DEOPT UNPACKING pc=0x000000000275582a sp=0x000000002a7aea58 mode 2


Dynamic libraries:
0x000000013f830000 - 0x000000013f867000 	C:\Program Files\Java\jdk1.8.0_121\bin\java.exe
0x0000000076e20000 - 0x0000000076fc9000 	C:\Windows\SYSTEM32\ntdll.dll
0x0000000076c00000 - 0x0000000076d1f000 	C:\Windows\system32\kernel32.dll
0x000007fefcfb0000 - 0x000007fefd01b000 	C:\Windows\system32\KERNELBASE.dll
0x000007fefd970000 - 0x000007fefda4b000 	C:\Windows\system32\ADVAPI32.dll
0x000007fefda80000 - 0x000007fefdb1f000 	C:\Windows\system32\msvcrt.dll
0x000007fefd620000 - 0x000007fefd63f000 	C:\Windows\SYSTEM32\sechost.dll
0x000007fefef40000 - 0x000007feff06d000 	C:\Windows\system32\RPCRT4.dll
0x0000000076d20000 - 0x0000000076e1a000 	C:\Windows\system32\USER32.dll
0x000007fefd240000 - 0x000007fefd2a7000 	C:\Windows\system32\GDI32.dll
0x000007feff120000 - 0x000007feff12e000 	C:\Windows\system32\LPK.dll
0x000007fefd8a0000 - 0x000007fefd969000 	C:\Windows\system32\USP10.dll
0x000007fefb660000 - 0x000007fefb854000 	C:\Windows\WinSxS\amd64_microsoft.windows.common-controls_6595b64144ccf1df_6.0.7601.17514_none_fa396087175ac9ac\COMCTL32.dll
0x000007fefd140000 - 0x000007fefd1b1000 	C:\Windows\system32\SHLWAPI.dll
0x000007fefda50000 - 0x000007fefda7e000 	C:\Windows\system32\IMM32.DLL
0x000007fefd390000 - 0x000007fefd499000 	C:\Windows\system32\MSCTF.dll
0x0000000079520000 - 0x00000000795f2000 	C:\Program Files\Java\jdk1.8.0_121\jre\bin\msvcr100.dll
0x000000006fc20000 - 0x00000000704bb000 	C:\Program Files\Java\jdk1.8.0_121\jre\bin\server\jvm.dll
0x000007fef8740000 - 0x000007fef8749000 	C:\Windows\system32\WSOCK32.dll
0x000007fefec90000 - 0x000007fefecdd000 	C:\Windows\system32\WS2_32.dll
0x000007feff070000 - 0x000007feff078000 	C:\Windows\system32\NSI.dll
0x000007fefa6c0000 - 0x000007fefa6fb000 	C:\Windows\system32\WINMM.dll
0x000007fefbea0000 - 0x000007fefbeac000 	C:\Windows\system32\VERSION.dll
0x0000000076ff0000 - 0x0000000076ff7000 	C:\Windows\system32\PSAPI.DLL
0x0000000000430000 - 0x000000000043f000 	C:\Program Files\Java\jdk1.8.0_121\jre\bin\verify.dll
0x000000006d7f0000 - 0x000000006d819000 	C:\Program Files\Java\jdk1.8.0_121\jre\bin\java.dll
0x0000000001ca0000 - 0x0000000001cb6000 	C:\Program Files\Java\jdk1.8.0_121\jre\bin\zip.dll
0x000007fefdf00000 - 0x000007fefec88000 	C:\Windows\system32\SHELL32.dll
0x000007fefdc50000 - 0x000007fefde53000 	C:\Windows\system32\ole32.dll
0x000007fefcd70000 - 0x000007fefcd7f000 	C:\Windows\system32\profapi.dll
0x0000000002210000 - 0x000000000222a000 	C:\Program Files\Java\jdk1.8.0_121\jre\bin\net.dll
0x000007fefc5e0000 - 0x000007fefc635000 	C:\Windows\system32\mswsock.dll
0x000007fefc5d0000 - 0x000007fefc5d7000 	C:\Windows\System32\wship6.dll
0x0000000002340000 - 0x0000000002351000 	C:\Program Files\Java\jdk1.8.0_121\jre\bin\nio.dll
0x000007fef76b0000 - 0x000007fef76ce000 	C:\Users\Anbaric\.gradle\native\25\windows-amd64\native-platform.dll
0x000000006f790000 - 0x000000006f79d000 	C:\Program Files\Java\jdk1.8.0_121\jre\bin\management.dll
0x000007fefc640000 - 0x000007fefc657000 	C:\Windows\system32\CRYPTSP.dll
0x000007fefc300000 - 0x000007fefc347000 	C:\Windows\system32\rsaenh.dll
0x000007fefc0b0000 - 0x000007fefc0ce000 	C:\Windows\system32\USERENV.dll
0x000007fefcca0000 - 0x000007fefccaf000 	C:\Windows\system32\CRYPTBASE.dll
0x000007fef9ba0000 - 0x000007fef9bc7000 	C:\Windows\system32\IPHLPAPI.DLL
0x000007fef9b80000 - 0x000007fef9b8b000 	C:\Windows\system32\WINNSI.DLL
0x000007fef9990000 - 0x000007fef99a1000 	C:\Windows\system32\dhcpcsvc6.DLL
0x000007fef98f0000 - 0x000007fef9908000 	C:\Windows\system32\dhcpcsvc.DLL
0x0000000002360000 - 0x0000000002384000 	C:\Program Files\Java\jdk1.8.0_121\jre\bin\sunec.dll
0x0000000000020000 - 0x000000000002b000 	C:\Program Files\Java\jdk1.8.0_121\jre\bin\sunmscapi.dll
0x000007fefce40000 - 0x000007fefcfa7000 	C:\Windows\system32\CRYPT32.dll
0x000007fefce10000 - 0x000007fefce1f000 	C:\Windows\system32\MSASN1.dll
0x000007fefbde0000 - 0x000007fefbde7000 	C:\Windows\System32\wshtcpip.dll
0x000007fefc420000 - 0x000007fefc47b000 	C:\Windows\system32\DNSAPI.dll
0x000000006fab0000 - 0x000000006fad6000 	C:\Program Files\Bonjour\mdnsNSP.dll
0x000007fef72d0000 - 0x000007fef72d8000 	C:\Windows\system32\rasadhlp.dll
0x000007fef9a50000 - 0x000007fef9aa3000 	C:\Windows\System32\fwpuclnt.dll
0x000007fefcc40000 - 0x000007fefcc97000 	C:\Windows\system32\apphelp.dll

VM Arguments:
jvm_args: -Xmx3G -Dfile.encoding=windows-1252 -Duser.country=US -Duser.language=en -Duser.variant 
java_command: org.gradle.launcher.daemon.bootstrap.GradleDaemon 4.9
java_class_path (initial): C:\Users\Anbaric\.gradle\wrapper\dists\gradle-4.9-all\491wbe0x5d54n9cojs2p0zv90\gradle-4.9\lib\gradle-launcher-4.9.jar
Launcher Type: SUN_STANDARD

Environment Variables:
JAVA_HOME=C:\Program Files\Java\jdk1.8.0_121
PATH=C:\Program Files (x86)\Common Files\Oracle\Java\javapath;C:\Program Files (x86)\Razer Chroma SDK\bin;C:\Program Files\Razer Chroma SDK\bin;C:\Windows\System32;C:\Program Files (x86)\NVIDIA Corporation\PhysX\Common;D:\Downloads\Art\World Painter\WorldPainter;C:\Program Files (x86)\GtkSharp\2.12\bin;C:\Program Files\Java\jdk1.8.0_141\bin;D:\Downloads\Books\Calibre\;D:\Downloads\Configs\Git\cmd;C:\Program Files\Java\jdk1.8.0\bin;C:\Users\Anbaric\AppData\Local\GitHubDesktop\bin
USERNAME=Anbaric
OS=Windows_NT
PROCESSOR_IDENTIFIER=Intel64 Family 6 Model 45 Stepping 7, GenuineIntel



---------------  S Y S T E M  ---------------

OS: Windows 7 , 64 bit Build 7601 (6.1.7601.18015)

CPU:total 8 (4 cores per cpu, 2 threads per core) family 6 model 45 stepping 7, cmov, cx8, fxsr, mmx, sse, sse2, sse3, ssse3, sse4.1, sse4.2, popcnt, avx, aes, clmul, ht, tsc, tscinvbit, tscinv

Memory: 4k page, physical 16777216k(2652328k free), swap 20428496k(5100k free)

vm_info: Java HotSpot(TM) 64-Bit Server VM (25.121-b13) for windows-amd64 JRE (1.8.0_121-b13), built on Dec 12 2016 18:21:36 by "java_re" with MS VC++ 10.0 (VS2010)

time: Tue Nov 05 19:07:42 2019
elapsed time: 43 seconds (0d 0h 0m 43s)

