JvmtiExport can_access_local_variables 0
JvmtiExport can_hotswap_or_post_breakpoint 0
JvmtiExport can_post_on_exceptions 0
# 150 ciObject found
ciMethod java/lang/Object toString ()Ljava/lang/String; 9 1 19 0 -1
ciMethod java/lang/String length ()I 4097 1 366356 0 -1
ciMethod java/lang/String charAt (I)C 4097 1 1601275 0 160
ciMethod java/lang/String substring (II)Ljava/lang/String; 3081 1 5956 0 -1
ciMethodData java/lang/String charAt (I)C 2 1601275 orig 264 72 50 32 112 0 0 0 0 104 61 101 25 0 0 0 0 120 1 0 0 32 0 0 0 0 0 0 0 0 0 0 0 0 0 0 0 0 0 0 0 0 0 0 0 0 0 0 0 0 0 0 0 0 0 0 0 0 0 0 0 0 0 0 0 0 0 0 0 0 0 0 0 0 0 0 0 0 0 0 0 77 68 79 32 101 120 116 114 97 32 100 97 116 97 32 108 111 99 107 0 0 0 0 0 0 0 0 0 0 0 0 0 0 0 0 0 0 0 0 0 0 0 0 0 0 0 0 0 0 0 0 0 0 0 0 0 0 0 0 0 0 0 0 0 0 0 0 0 0 0 0 0 0 0 0 0 0 0 0 0 0 0 0 1 0 0 0 0 0 0 0 0 0 0 0 0 0 0 0 0 0 0 0 0 25 0 0 0 0 0 0 0 0 0 0 0 0 0 0 0 1 0 0 0 0 0 0 0 0 0 0 0 0 0 0 0 0 2 0 0 217 103 195 0 1 0 0 0 0 0 0 0 0 0 0 0 2 0 0 0 0 0 8 0 2 0 0 0 80 0 0 0 255 255 255 255 7 0 1 0 0 0 0 0 data 10 0x10007 0x0 0x40 0x186d03 0xa0007 0x186d05 0x30 0x0 0x120002 0x0 oops 0
ciMethod org/gradle/internal/logging/text/StyledTextOutput text (Ljava/lang/Object;)Lorg/gradle/internal/logging/text/StyledTextOutput; 0 0 1 0 -1
ciMethod org/gradle/internal/logging/text/AbstractStyledTextOutput text (Ljava/lang/Object;)Lorg/gradle/internal/logging/text/StyledTextOutput; 3073 1 14653 0 9088
ciMethod org/gradle/internal/logging/text/AbstractStyledTextOutput doAppend (Ljava/lang/String;)V 0 0 1 0 -1
ciMethod org/gradle/internal/logging/console/StyledTextOutputBackedRenderer$OutputEventTextOutputImpl doEndLine (Ljava/lang/CharSequence;)V 3081 1 5499 0 0
ciMethod org/gradle/internal/logging/text/AbstractLineChoppingStyledTextOutput doLineText (Ljava/lang/CharSequence;)V 0 0 1 0 -1
ciMethod org/gradle/internal/logging/text/AbstractLineChoppingStyledTextOutput doEndLine (Ljava/lang/CharSequence;)V 0 0 1 0 -1
ciMethod org/gradle/internal/logging/text/AbstractLineChoppingStyledTextOutput access$100 (Lorg/gradle/internal/logging/text/AbstractLineChoppingStyledTextOutput;)I 1153 1 144 0 -1
ciMethod org/gradle/internal/logging/text/AbstractLineChoppingStyledTextOutput access$402 (Lorg/gradle/internal/logging/text/AbstractLineChoppingStyledTextOutput;Lorg/gradle/internal/logging/text/AbstractLineChoppingStyledTextOutput$State;)Lorg/gradle/internal/logging/text/AbstractLineChoppingStyledTextOutput$State; 3137 1 22924 0 0
ciMethod org/gradle/internal/logging/text/AbstractLineChoppingStyledTextOutput access$700 ()Lorg/gradle/internal/logging/text/AbstractLineChoppingStyledTextOutput$State; 17 1 5499 0 0
ciMethod org/gradle/internal/logging/text/AbstractLineChoppingStyledTextOutput access$900 ()Lorg/gradle/internal/logging/text/AbstractLineChoppingStyledTextOutput$State; 3121 1 17907 0 0
ciMethod org/gradle/internal/logging/text/AbstractLineChoppingStyledTextOutput access$1000 ()Lorg/gradle/internal/logging/text/AbstractLineChoppingStyledTextOutput$State; 25 1 78 0 0
ciMethod org/gradle/internal/logging/text/AbstractLineChoppingStyledTextOutput$2 execute (Lorg/gradle/internal/logging/text/AbstractLineChoppingStyledTextOutput$StateContext;)V 3129 1 12567 0 -1
ciMethod org/gradle/internal/logging/text/AbstractLineChoppingStyledTextOutput$StateContext next ()V 4097 1 12491 0 0
ciMethod org/gradle/internal/logging/text/AbstractLineChoppingStyledTextOutput$StateContext isCurrentCharEquals (C)Z 3537 1 6334 0 192
ciMethod org/gradle/internal/logging/text/AbstractLineChoppingStyledTextOutput$StateContext setState (Lorg/gradle/internal/logging/text/AbstractLineChoppingStyledTextOutput$State;)V 3041 1 22924 0 96
ciMethod org/gradle/internal/logging/text/AbstractLineChoppingStyledTextOutput$StateContext reset ()V 17 1 5499 0 0
ciMethod org/gradle/internal/logging/text/AbstractLineChoppingStyledTextOutput$StateContext flushLineText ()V 145 1 5158 0 1216
ciMethod org/gradle/internal/logging/text/AbstractLineChoppingStyledTextOutput$StateContext flushEndLine (Ljava/lang/String;)V 17 1 5499 0 0
ciMethod org/gradle/internal/logging/text/AbstractLineChoppingStyledTextOutput$StateContext access$008 (Lorg/gradle/internal/logging/text/AbstractLineChoppingStyledTextOutput$StateContext;)I 17 1 1064 0 0
ciMethodData org/gradle/internal/logging/text/AbstractLineChoppingStyledTextOutput$StateContext isCurrentCharEquals (C)Z 2 6334 orig 264 72 50 32 112 0 0 0 0 0 62 200 25 0 0 0 0 0 2 0 0 72 0 0 0 0 0 0 0 0 0 0 0 0 0 0 0 0 0 0 0 0 0 0 0 0 0 0 0 0 0 0 0 0 0 0 0 0 0 0 0 0 0 0 0 0 0 0 0 0 0 0 0 0 0 0 0 0 0 0 0 77 68 79 32 101 120 116 114 97 32 100 97 116 97 32 108 111 99 107 0 0 0 0 0 0 0 0 0 0 0 0 0 0 0 0 0 0 0 0 0 0 0 0 0 0 0 0 0 0 0 0 0 0 0 0 0 0 0 0 0 0 0 0 0 0 0 0 0 0 0 0 0 0 0 0 0 0 0 0 0 0 0 0 0 0 0 0 0 0 0 0 0 0 0 0 0 0 0 0 0 0 0 0 0 0 0 0 0 0 0 0 0 0 0 0 0 0 0 0 0 0 0 0 0 0 0 0 0 0 0 0 0 0 0 0 0 186 1 0 0 33 184 0 0 1 0 0 0 0 0 0 0 0 0 0 0 2 0 0 0 0 0 15 0 2 0 0 0 176 0 0 0 255 255 255 255 7 0 9 0 0 0 0 0 data 22 0x90007 0x1704 0x48 0x0 0x180002 0x0 0x1e0003 0x0 0x48 0x2e0005 0x2 0x20b0940 0x1702 0x0 0x0 0x340007 0x16d8 0x38 0x2c 0x380003 0x2c 0x18 oops 1 11 java/lang/String
ciMethodData org/gradle/internal/logging/text/AbstractLineChoppingStyledTextOutput$StateContext setState (Lorg/gradle/internal/logging/text/AbstractLineChoppingStyledTextOutput$State;)V 2 22924 orig 264 72 50 32 112 0 0 0 0 112 63 200 25 0 0 0 0 96 1 0 0 0 0 0 0 0 0 0 0 0 0 0 0 0 0 0 0 0 0 0 0 0 0 0 0 0 0 0 0 0 0 0 0 0 0 0 0 0 0 0 0 0 0 0 0 0 0 0 0 0 0 0 0 0 0 0 0 0 0 0 0 77 68 79 32 101 120 116 114 97 32 100 97 116 97 32 108 111 99 107 0 0 0 0 0 0 0 0 0 0 0 0 0 0 0 0 0 0 0 0 0 0 0 0 0 0 0 0 0 0 0 0 0 0 0 0 0 0 0 0 0 0 0 0 0 0 0 0 0 0 0 0 0 0 0 0 0 0 0 0 0 0 0 0 0 0 0 0 0 0 0 0 0 0 0 0 0 0 0 0 0 0 0 0 0 0 0 0 0 0 0 0 0 0 0 0 0 0 0 0 0 0 0 0 0 0 0 0 0 0 0 0 0 0 0 0 0 123 1 0 0 129 192 2 0 1 0 0 0 0 0 0 0 0 0 0 0 2 0 0 0 0 0 3 0 2 0 0 0 16 0 0 0 255 255 255 255 2 0 5 0 0 0 0 0 data 2 0x50002 0x5810 oops 0
ciMethodData org/gradle/internal/logging/text/AbstractLineChoppingStyledTextOutput access$402 (Lorg/gradle/internal/logging/text/AbstractLineChoppingStyledTextOutput;Lorg/gradle/internal/logging/text/AbstractLineChoppingStyledTextOutput$State;)Lorg/gradle/internal/logging/text/AbstractLineChoppingStyledTextOutput$State; 2 22924 orig 264 72 50 32 112 0 0 0 0 224 239 199 25 0 0 0 0 40 1 0 0 0 0 0 0 0 0 0 0 0 0 0 0 0 0 0 0 0 0 0 0 0 0 0 0 0 0 0 0 0 0 0 0 0 0 0 0 0 0 0 0 0 0 0 0 0 0 0 0 0 0 0 0 0 0 0 0 0 0 0 0 77 68 79 32 101 120 116 114 97 32 100 97 116 97 32 108 111 99 107 0 0 0 0 0 0 0 0 0 0 0 0 0 0 0 0 0 0 0 0 0 0 0 0 0 0 0 0 0 0 0 0 0 0 0 0 0 0 0 0 0 0 0 0 0 0 0 0 0 0 0 0 0 0 0 0 0 0 0 0 0 0 0 0 0 0 0 0 0 0 0 0 0 0 0 0 0 0 0 0 0 0 0 0 0 0 0 0 0 0 0 0 0 0 0 0 0 0 0 0 0 0 0 0 0 0 0 0 0 0 0 0 0 0 0 0 0 136 1 0 0 33 192 2 0 1 0 0 0 0 0 0 0 0 0 0 0 2 0 0 0 0 0 3 0 1 0 0 0 0 0 0 0 255 255 255 255 0 0 0 0 0 0 0 0 data 0 oops 0
ciMethodData org/gradle/internal/logging/text/AbstractLineChoppingStyledTextOutput$StateContext access$008 (Lorg/gradle/internal/logging/text/AbstractLineChoppingStyledTextOutput$StateContext;)I 2 1064 orig 264 72 50 32 112 0 0 0 0 48 69 200 25 0 0 0 0 32 1 0 0 0 0 0 0 0 0 0 0 0 0 0 0 0 0 0 0 0 0 0 0 0 0 0 0 0 0 0 0 0 0 0 0 0 0 0 0 0 0 0 0 0 0 0 0 0 0 0 0 0 0 0 0 0 0 0 0 0 0 0 0 77 68 79 32 101 120 116 114 97 32 100 97 116 97 32 108 111 99 107 0 0 0 0 0 0 0 0 0 0 0 0 0 0 0 0 0 0 0 0 0 0 0 0 0 0 0 0 0 0 0 0 0 0 0 0 0 0 0 0 0 0 0 0 0 0 0 0 0 0 0 0 0 0 0 0 0 0 0 0 0 0 0 0 0 0 0 0 0 0 0 0 0 0 0 0 0 0 0 0 0 0 0 0 0 1 0 0 0 0 0 0 0 0 0 0 0 0 0 0 0 1 0 0 0 0 0 0 0 0 0 0 0 0 0 0 0 2 0 0 0 49 33 0 0 1 0 0 0 0 0 0 0 0 0 0 0 2 0 0 0 0 0 3 0 1 0 0 0 0 0 0 0 255 255 255 255 0 0 0 0 0 0 0 0 data 0 oops 0
ciMethodData org/gradle/internal/logging/text/AbstractLineChoppingStyledTextOutput$StateContext flushEndLine (Ljava/lang/String;)V 2 5499 orig 264 72 50 32 112 0 0 0 0 0 66 200 25 0 0 0 0 128 1 0 0 0 0 0 0 0 0 0 0 0 0 0 0 0 0 0 0 0 0 0 0 0 0 0 0 0 0 0 0 0 0 0 0 0 0 0 0 0 0 0 0 0 0 0 0 0 0 0 0 0 0 0 0 0 0 0 0 0 0 0 0 77 68 79 32 101 120 116 114 97 32 100 97 116 97 32 108 111 99 107 0 0 0 0 0 0 0 0 0 0 0 0 0 0 0 0 0 0 0 0 0 0 0 0 0 0 0 0 0 0 0 0 0 0 0 0 0 0 0 0 0 0 0 0 0 0 0 0 0 0 0 0 0 0 0 0 0 0 0 0 0 0 0 0 0 0 0 0 0 0 0 0 0 0 0 0 0 0 0 0 0 0 0 0 0 0 0 0 0 0 0 0 0 0 0 0 0 0 0 0 0 0 0 0 0 0 0 0 0 0 0 0 0 0 0 0 0 2 0 0 0 201 171 0 0 1 0 0 0 0 0 0 0 0 0 0 0 2 0 0 0 0 0 0 0 0 0 0 0 48 0 0 0 255 255 255 255 5 0 5 0 0 0 0 0 data 6 0x50005 0x0 0x23774a10 0x1579 0x0 0x0 oops 1 2 org/gradle/internal/logging/console/StyledTextOutputBackedRenderer$OutputEventTextOutputImpl
ciMethodData org/gradle/internal/logging/text/AbstractLineChoppingStyledTextOutput$StateContext reset ()V 2 5499 orig 264 72 50 32 112 0 0 0 0 32 64 200 25 0 0 0 0 32 1 0 0 0 0 0 0 0 0 0 0 0 0 0 0 0 0 0 0 0 0 0 0 0 0 0 0 0 0 0 0 0 0 0 0 0 0 0 0 0 0 0 0 0 0 0 0 0 0 0 0 0 0 0 0 0 0 0 0 0 0 0 0 77 68 79 32 101 120 116 114 97 32 100 97 116 97 32 108 111 99 107 0 0 0 0 0 0 0 0 0 0 0 0 0 0 0 0 0 0 0 0 0 0 0 0 0 0 0 0 0 0 0 0 0 0 0 0 0 0 0 0 0 0 0 0 0 0 0 0 0 0 0 0 0 0 0 0 0 0 0 0 0 0 0 0 0 0 0 0 0 0 0 0 0 0 0 0 0 0 0 0 0 0 0 0 0 0 0 0 0 0 0 0 0 0 0 0 0 0 0 0 0 0 0 0 0 0 0 0 0 0 0 0 0 0 0 0 0 2 0 0 0 201 171 0 0 1 0 0 0 0 0 0 0 0 0 0 0 2 0 0 0 0 0 0 0 0 0 0 0 0 0 0 0 255 255 255 255 0 0 0 0 0 0 0 0 data 0 oops 0
ciMethodData org/gradle/internal/logging/text/AbstractLineChoppingStyledTextOutput access$700 ()Lorg/gradle/internal/logging/text/AbstractLineChoppingStyledTextOutput$State; 2 5499 orig 264 72 50 32 112 0 0 0 0 112 240 199 25 0 0 0 0 24 1 0 0 0 0 0 0 0 0 0 0 0 0 0 0 0 0 0 0 0 0 0 0 0 0 0 0 0 0 0 0 0 0 0 0 0 0 0 0 0 0 0 0 0 0 0 0 0 0 0 0 0 0 0 0 0 0 0 0 0 0 0 0 77 68 79 32 101 120 116 114 97 32 100 97 116 97 32 108 111 99 107 0 0 0 0 0 0 0 0 0 0 0 0 0 0 0 0 0 0 0 0 0 0 0 0 0 0 0 0 0 0 0 0 0 0 0 0 0 0 0 0 0 0 0 0 0 0 0 0 0 0 0 0 0 0 0 0 0 0 0 0 0 0 0 0 0 0 0 0 0 0 0 0 0 0 0 0 0 0 0 0 0 0 0 0 0 0 0 0 0 0 0 0 0 0 0 0 0 0 0 0 0 0 0 0 0 0 0 0 0 0 0 0 0 0 0 0 0 2 0 0 0 201 171 0 0 1 0 0 0 0 0 0 0 0 0 0 0 2 0 0 0 0 0 0 0 0 0 0 0 0 0 0 0 255 255 255 255 0 0 0 0 0 0 0 0 data 0 oops 0
ciMethodData org/gradle/internal/logging/text/AbstractLineChoppingStyledTextOutput$2 execute (Lorg/gradle/internal/logging/text/AbstractLineChoppingStyledTextOutput$StateContext;)V 2 12567 orig 264 72 50 32 112 0 0 0 0 64 6 200 25 0 0 0 0 224 3 0 0 232 0 0 0 0 0 0 0 0 0 0 0 0 0 0 0 0 0 0 0 0 0 0 0 0 0 0 0 0 0 0 0 0 0 0 0 0 0 0 0 0 0 0 0 0 0 0 0 0 0 0 0 0 0 0 0 0 0 0 0 77 68 79 32 101 120 116 114 97 32 100 97 116 97 32 108 111 99 107 0 0 0 0 0 0 0 0 0 0 0 0 0 0 0 0 0 0 0 0 0 0 0 0 0 0 0 0 0 0 0 0 0 0 0 0 0 0 0 0 0 0 0 0 0 0 0 0 0 0 0 0 0 0 0 0 0 0 0 0 0 0 0 0 0 0 0 0 0 0 0 0 0 0 0 0 0 0 0 0 2 0 0 0 0 0 0 0 0 0 0 0 0 0 0 0 0 0 0 0 0 0 0 0 0 0 0 0 0 0 0 0 0 0 0 0 0 135 1 0 0 129 124 1 0 1 0 0 0 40 21 0 0 0 0 0 0 2 0 0 0 0 0 8 0 2 0 0 0 144 2 0 0 255 255 255 255 5 0 3 0 0 0 0 0 data 82 0x30005 0x0 0x24311360 0x2f90 0x0 0x0 0x60007 0x2f44 0x88 0x4c 0xa0002 0x4c 0xf0002 0x4c 0x120005 0x0 0x24311360 0x4c 0x0 0x0 0x150003 0x4c 0x1f0 0x1b0005 0x0 0x24311360 0x2f44 0x0 0x0 0x1ee007 0x2ee8 0x138 0x5e 0x220005 0x0 0x24311360 0x5e 0x0 0x0 0x280005 0x0 0x24311360 0x5e 0x0 0x0 0x2c0005 0x0 0x24311360 0x5e 0x0 0x0 0x300005 0x0 0x24311360 0x5e 0x0 0x0 0x340002 0x5e 0x370005 0x0 0x24311360 0x5e 0x0 0x0 0x3a0003 0x5e 0x88 0x3e0005 0x0 0x24311360 0x2ee8 0x0 0x0 0x420002 0x2ee8 0x450005 0x0 0x24311360 0x2ee8 0x0 0x0 oops 10 2 org/gradle/internal/logging/text/AbstractLineChoppingStyledTextOutput$StateContext 16 org/gradle/internal/logging/text/AbstractLineChoppingStyledTextOutput$StateContext 25 org/gradle/internal/logging/text/AbstractLineChoppingStyledTextOutput$StateContext 35 org/gradle/internal/logging/text/AbstractLineChoppingStyledTextOutput$StateContext 41 org/gradle/internal/logging/text/AbstractLineChoppingStyledTextOutput$StateContext 47 org/gradle/internal/logging/text/AbstractLineChoppingStyledTextOutput$StateContext 53 org/gradle/internal/logging/text/AbstractLineChoppingStyledTextOutput$StateContext 61 org/gradle/internal/logging/text/AbstractLineChoppingStyledTextOutput$StateContext 70 org/gradle/internal/logging/text/AbstractLineChoppingStyledTextOutput$StateContext 78 org/gradle/internal/logging/text/AbstractLineChoppingStyledTextOutput$StateContext
ciMethodData org/gradle/internal/logging/text/AbstractLineChoppingStyledTextOutput access$900 ()Lorg/gradle/internal/logging/text/AbstractLineChoppingStyledTextOutput$State; 2 19712 orig 264 72 50 32 112 0 0 0 0 144 241 199 25 0 0 0 0 24 1 0 0 0 0 0 0 0 0 0 0 0 0 0 0 0 0 0 0 0 0 0 0 0 0 0 0 0 0 0 0 0 0 0 0 0 0 0 0 0 0 0 0 0 0 0 0 0 0 0 0 0 0 0 0 0 0 0 0 0 0 0 0 77 68 79 32 101 120 116 114 97 32 100 97 116 97 32 108 111 99 107 0 0 0 0 0 0 0 0 0 0 0 0 0 0 0 0 0 0 0 0 0 0 0 0 0 0 0 0 0 0 0 0 0 0 0 0 0 0 0 0 0 0 0 0 0 0 0 0 0 0 0 0 0 0 0 0 0 0 0 0 0 0 0 0 0 0 0 0 0 0 0 0 0 0 0 0 0 0 0 0 0 0 0 0 0 0 0 0 0 0 0 0 0 0 0 0 0 0 0 0 0 0 0 0 0 0 0 0 0 0 0 0 0 0 0 0 0 134 1 0 0 209 91 2 0 1 0 0 0 0 0 0 0 0 0 0 0 2 0 0 0 0 0 3 0 1 0 0 0 0 0 0 0 255 255 255 255 0 0 0 0 0 0 0 0 data 0 oops 0
ciMethodData org/gradle/internal/logging/text/AbstractLineChoppingStyledTextOutput$StateContext next ()V 2 14296 orig 264 72 50 32 112 0 0 0 0 72 60 200 25 0 0 0 0 32 1 0 0 0 0 0 0 0 0 0 0 0 0 0 0 0 0 0 0 0 0 0 0 0 0 0 0 0 0 0 0 0 0 0 0 0 0 0 0 0 0 0 0 0 0 0 0 0 0 0 0 0 0 0 0 0 0 0 0 0 0 0 0 77 68 79 32 101 120 116 114 97 32 100 97 116 97 32 108 111 99 107 0 0 0 0 0 0 0 0 0 0 0 0 0 0 0 0 0 0 0 0 0 0 0 0 0 0 0 0 0 0 0 0 0 0 0 0 0 0 0 0 0 0 0 0 0 0 0 0 0 0 0 0 0 0 0 0 0 0 0 0 0 0 0 0 0 0 0 0 0 0 0 0 0 0 0 0 0 0 0 0 0 0 0 0 0 0 0 0 0 0 0 0 0 0 0 0 0 0 0 0 0 0 0 0 0 0 0 0 0 0 0 0 0 0 0 0 0 0 2 0 0 193 174 1 0 1 0 0 0 0 0 0 0 0 0 0 0 2 0 0 0 0 0 3 0 1 0 0 0 0 0 0 0 255 255 255 255 0 0 0 0 0 0 0 0 data 0 oops 0
ciMethodData org/gradle/internal/logging/text/AbstractLineChoppingStyledTextOutput access$1000 ()Lorg/gradle/internal/logging/text/AbstractLineChoppingStyledTextOutput$State; 1 78 orig 264 72 50 32 112 0 0 0 0 32 242 199 25 0 0 0 0 24 1 0 0 0 0 0 0 0 0 0 0 0 0 0 0 0 0 0 0 0 0 0 0 0 0 0 0 0 0 0 0 0 0 0 0 0 0 0 0 0 0 0 0 0 0 0 0 0 0 0 0 0 0 0 0 0 0 0 0 0 0 0 0 77 68 79 32 101 120 116 114 97 32 100 97 116 97 32 108 111 99 107 0 0 0 0 0 0 0 0 0 0 0 0 0 0 0 0 0 0 0 0 0 0 0 0 0 0 0 0 0 0 0 0 0 0 0 0 0 0 0 0 0 0 0 0 0 0 0 0 0 0 0 0 0 0 0 0 0 0 0 0 0 0 0 0 0 0 0 0 0 0 0 0 0 0 0 0 0 0 0 0 0 0 0 0 0 0 0 0 0 0 0 0 0 0 0 0 0 0 0 0 0 0 0 0 0 0 0 0 0 0 0 0 0 0 0 0 0 3 0 0 0 89 2 0 0 1 0 0 0 0 0 0 0 0 0 0 0 2 0 0 0 0 0 0 0 0 0 0 0 0 0 0 0 255 255 255 255 0 0 0 0 0 0 0 0 data 0 oops 0
ciMethodData org/gradle/internal/logging/console/StyledTextOutputBackedRenderer$OutputEventTextOutputImpl doEndLine (Ljava/lang/CharSequence;)V 2 5499 orig 264 72 50 32 112 0 0 0 0 120 227 199 25 0 0 0 0 128 1 0 0 0 0 0 0 0 0 0 0 0 0 0 0 0 0 0 0 0 0 0 0 0 0 0 0 0 0 0 0 0 0 0 0 0 0 0 0 0 0 0 0 0 0 0 0 0 0 0 0 0 0 0 0 0 0 0 0 0 0 0 0 77 68 79 32 101 120 116 114 97 32 100 97 116 97 32 108 111 99 107 0 0 0 0 0 0 0 0 0 0 0 0 0 0 0 0 0 0 0 0 0 0 0 0 0 0 0 0 0 0 0 0 0 0 0 0 0 0 0 0 0 0 0 0 0 0 0 0 0 0 0 0 0 0 0 0 0 0 0 0 0 0 0 0 0 0 0 0 0 0 0 0 0 0 0 0 0 0 0 0 0 0 0 0 0 0 0 0 0 0 0 0 0 0 0 0 0 0 0 0 0 0 0 0 0 0 0 0 0 0 0 0 0 0 0 0 0 129 1 0 0 209 159 0 0 1 0 0 0 0 0 0 0 0 0 0 0 2 0 0 0 0 0 7 0 2 0 0 0 48 0 0 0 255 255 255 255 5 0 5 0 0 0 0 0 data 6 0x50005 0x0 0x23775c90 0x13fa 0x0 0x0 oops 1 2 org/gradle/internal/logging/text/StreamingStyledTextOutput
instanceKlass org/gradle/launcher/daemon/server/DaemonRegistryUnavailableExpirationStrategy$1
instanceKlass org/gradle/cache/internal/SimpleStateCache$1
instanceKlass org/gradle/launcher/daemon/registry/PersistentDaemonRegistry$1
instanceKlass org/gradle/launcher/daemon/server/CompatibleDaemonExpirationStrategy$1
instanceKlass org/gradle/launcher/daemon/server/health/DaemonMemoryStatus$2
instanceKlass org/gradle/launcher/daemon/server/health/DaemonMemoryStatus$1
instanceKlass org/gradle/launcher/daemon/server/health/DaemonMemoryStatus$3
instanceKlass java/util/concurrent/LinkedBlockingDeque$AbstractItr
instanceKlass org/gradle/launcher/daemon/server/health/gc/GarbageCollectionStats
instanceKlass org/gradle/process/internal/streams/ExecOutputHandleRunner
instanceKlass java/lang/ProcessImpl$2
instanceKlass net/rubygrapefruit/platform/internal/jni/WindowsHandleFunctions
instanceKlass org/gradle/internal/operations/CurrentBuildOperationPreservingRunnable
instanceKlass org/gradle/process/internal/ProcessBuilderFactory
instanceKlass org/gradle/process/internal/DefaultExecHandle$CompositeStreamsHandler
instanceKlass java/lang/ProcessBuilder
instanceKlass org/gradle/process/internal/ExecHandleRunner
instanceKlass org/gradle/process/internal/ExecHandleListener
instanceKlass org/gradle/process/internal/ExecHandleShutdownHookAction
instanceKlass net/rubygrapefruit/platform/internal/DefaultProcessLauncher
instanceKlass net/rubygrapefruit/platform/internal/WindowsProcessLauncher
instanceKlass net/rubygrapefruit/platform/internal/WrapperProcessLauncher
instanceKlass org/gradle/process/internal/DefaultExecHandle
instanceKlass org/gradle/process/internal/ProcessSettings
instanceKlass org/gradle/process/internal/streams/OutputStreamsForwarder
instanceKlass net/minecraftforge/gradle/common/task/DownloadAssets$Asset
instanceKlass net/minecraftforge/gradle/common/task/DownloadAssets$AssetIndex
instanceKlass org/gradle/api/internal/changedetection/changes/NoOutputsArtifactState$1
instanceKlass org/gradle/caching/internal/tasks/BuildCacheKeyInputs
instanceKlass org/gradle/caching/internal/tasks/TaskOutputCachingBuildCacheKey
instanceKlass org/gradle/caching/BuildCacheKey
instanceKlass org/gradle/api/internal/changedetection/changes/NoOutputsArtifactState
instanceKlass org/gradle/api/internal/file/collections/DirectoryTrees
instanceKlass org/gradle/execution/taskgraph/DefaultTaskPlanExecutor$ExecutorWorker$3
instanceKlass org/gradle/api/internal/changedetection/state/SetValueSnapshot
instanceKlass org/gradle/api/internal/tasks/execution/statistics/TaskExecutionStatisticsEventAdapter$1
instanceKlass org/gradle/api/execution/internal/ExecuteTaskBuildOperationResult
instanceKlass org/gradle/internal/execution/ExecuteTaskBuildOperationType$Result
instanceKlass org/gradle/internal/logging/events/StyledTextOutputEvent$Span
instanceKlass org/gradle/internal/logging/events/operations/StyledTextBuildOperationProgressDetails$Span
instanceKlass com/sun/tools/javac/util/AbstractDiagnosticFormatter$2
instanceKlass com/sun/tools/javac/util/RichDiagnosticFormatter$ClassNameSimplifier
